This file contains any messages produced by compilers while
running configure, to aid debugging if configure makes a mistake.

It was created by Money configure 0.3, which was
generated by GNU Autoconf 2.69.  Invocation command line was

  $ ./configure 

## --------- ##
## Platform. ##
## --------- ##

hostname = epsilon
uname -m = x86_64
uname -r = 5.4.0-73-generic
uname -s = Linux
uname -v = #82-Ubuntu SMP Wed Apr 14 17:39:42 UTC 2021

/usr/bin/uname -p = x86_64
/bin/uname -X     = unknown

/bin/arch              = x86_64
/usr/bin/arch -k       = unknown
/usr/convex/getsysinfo = unknown
/usr/bin/hostinfo      = unknown
/bin/machine           = unknown
/usr/bin/oslevel       = unknown
/bin/universe          = unknown

PATH: /home/agr/anaconda3/bin
PATH: /home/agr/.local/bin
PATH: /usr/local/sbin
PATH: /usr/local/bin
PATH: /usr/sbin
PATH: /usr/bin
PATH: /sbin
PATH: /bin
PATH: /usr/games
PATH: /usr/local/games
PATH: /snap/bin
PATH: /home/agr/snap/flutter/common/flutter/bin/flutter


## ----------- ##
## Core tests. ##
## ----------- ##

configure:2319: checking for gcc
configure:2335: found /usr/bin/gcc
configure:2346: result: gcc
configure:2575: checking for C compiler version
configure:2584: gcc --version >&5
gcc (Ubuntu 9.3.0-17ubuntu1~20.04) 9.3.0
Copyright (C) 2019 Free Software Foundation, Inc.
This is free software; see the source for copying conditions.  There is NO
warranty; not even for MERCHANTABILITY or FITNESS FOR A PARTICULAR PURPOSE.

configure:2595: $? = 0
configure:2584: gcc -v >&5
Using built-in specs.
COLLECT_GCC=gcc
COLLECT_LTO_WRAPPER=/usr/lib/gcc/x86_64-linux-gnu/9/lto-wrapper
OFFLOAD_TARGET_NAMES=nvptx-none:hsa
OFFLOAD_TARGET_DEFAULT=1
Target: x86_64-linux-gnu
Configured with: ../src/configure -v --with-pkgversion='Ubuntu 9.3.0-17ubuntu1~20.04' --with-bugurl=file:///usr/share/doc/gcc-9/README.Bugs --enable-languages=c,ada,c++,go,brig,d,fortran,objc,obj-c++,gm2 --prefix=/usr --with-gcc-major-version-only --program-suffix=-9 --program-prefix=x86_64-linux-gnu- --enable-shared --enable-linker-build-id --libexecdir=/usr/lib --without-included-gettext --enable-threads=posix --libdir=/usr/lib --enable-nls --enable-clocale=gnu --enable-libstdcxx-debug --enable-libstdcxx-time=yes --with-default-libstdcxx-abi=new --enable-gnu-unique-object --disable-vtable-verify --enable-plugin --enable-default-pie --with-system-zlib --with-target-system-zlib=auto --enable-objc-gc=auto --enable-multiarch --disable-werror --with-arch-32=i686 --with-abi=m64 --with-multilib-list=m32,m64,mx32 --enable-multilib --with-tune=generic --enable-offload-targets=nvptx-none=/build/gcc-9-HskZEa/gcc-9-9.3.0/debian/tmp-nvptx/usr,hsa --without-cuda-driver --enable-checking=release --build=x86_64-linux-gnu --host=x86_64-linux-gnu --target=x86_64-linux-gnu
Thread model: posix
gcc version 9.3.0 (Ubuntu 9.3.0-17ubuntu1~20.04) 
configure:2595: $? = 0
configure:2584: gcc -V >&5
gcc: error: unrecognized command line option '-V'
gcc: fatal error: no input files
compilation terminated.
configure:2595: $? = 1
configure:2584: gcc -qversion >&5
gcc: error: unrecognized command line option '-qversion'; did you mean '--version'?
gcc: fatal error: no input files
compilation terminated.
configure:2595: $? = 1
configure:2615: checking whether the C compiler works
configure:2637: gcc    conftest.c  >&5
configure:2641: $? = 0
configure:2689: result: yes
configure:2692: checking for C compiler default output file name
configure:2694: result: a.out
configure:2700: checking for suffix of executables
configure:2707: gcc -o conftest    conftest.c  >&5
configure:2711: $? = 0
configure:2733: result: 
configure:2755: checking whether we are cross compiling
configure:2763: gcc -o conftest    conftest.c  >&5
configure:2767: $? = 0
configure:2774: ./conftest
configure:2778: $? = 0
configure:2766: result: no
configure:2771: checking for suffix of object files
configure:2793: gcc -c   conftest.c >&5
configure:2797: $? = 0
configure:2818: result: o
configure:2822: checking whether we are using the GNU C compiler
configure:2841: gcc -c   conftest.c >&5
configure:2841: $? = 0
configure:2850: result: yes
configure:2859: checking whether gcc accepts -g
configure:2879: gcc -c -g  conftest.c >&5
configure:2879: $? = 0
configure:2920: result: yes
configure:2937: checking for gcc option to accept ISO C89
configure:3000: gcc  -c -g -O2  conftest.c >&5
configure:3000: $? = 0
configure:3013: result: none needed
configure:3038: checking whether gcc understands -c and -o together
configure:3060: gcc -c conftest.c -o conftest2.o
configure:3063: $? = 0
configure:3060: gcc -c conftest.c -o conftest2.o
configure:3063: $? = 0
configure:3075: result: yes
configure:3142: checking for ar
configure:3158: found /usr/bin/ar
configure:3169: result: ar
configure:3195: checking the archiver (ar) interface
configure:3211: gcc -c -g -O2  conftest.c >&5
configure:3211: $? = 0
configure:3213: ar cru libconftest.a conftest.o >&5
ar: `u' modifier ignored since `D' is the default (see `U')
configure:3216: $? = 0
configure:3215: result: ar
configure:3288: checking for a BSD-compatible install
configure:3356: result: /usr/bin/install -c
configure:3367: checking whether build environment is sane
configure:3422: result: yes
configure:3455: WARNING: 'missing' script is too old or missing
configure:3568: checking for a thread-safe mkdir -p
configure:3607: result: /usr/bin/mkdir -p
configure:3614: checking for gawk
configure:3644: result: no
configure:3614: checking for mawk
configure:3630: found /usr/bin/mawk
configure:3641: result: mawk
configure:3652: checking whether make sets $(MAKE)
configure:3674: result: yes
configure:3696: checking whether make supports the include directive
configure:3711: make -f confmf.GNU && cat confinc.out
this is the am__doit target
configure:3714: $? = 0
configure:3733: result: yes (GNU style)
configure:3766: checking whether make supports nested variables
configure:3783: result: yes
configure:3868: checking dependency style of gcc
configure:3979: result: gcc3
configure:4087: checking for gcc
configure:4114: result: gcc
configure:4343: checking for C compiler version
configure:4352: gcc --version >&5
gcc (Ubuntu 9.3.0-17ubuntu1~20.04) 9.3.0
Copyright (C) 2019 Free Software Foundation, Inc.
This is free software; see the source for copying conditions.  There is NO
warranty; not even for MERCHANTABILITY or FITNESS FOR A PARTICULAR PURPOSE.

configure:4363: $? = 0
configure:4352: gcc -v >&5
Using built-in specs.
COLLECT_GCC=gcc
COLLECT_LTO_WRAPPER=/usr/lib/gcc/x86_64-linux-gnu/9/lto-wrapper
OFFLOAD_TARGET_NAMES=nvptx-none:hsa
OFFLOAD_TARGET_DEFAULT=1
Target: x86_64-linux-gnu
Configured with: ../src/configure -v --with-pkgversion='Ubuntu 9.3.0-17ubuntu1~20.04' --with-bugurl=file:///usr/share/doc/gcc-9/README.Bugs --enable-languages=c,ada,c++,go,brig,d,fortran,objc,obj-c++,gm2 --prefix=/usr --with-gcc-major-version-only --program-suffix=-9 --program-prefix=x86_64-linux-gnu- --enable-shared --enable-linker-build-id --libexecdir=/usr/lib --without-included-gettext --enable-threads=posix --libdir=/usr/lib --enable-nls --enable-clocale=gnu --enable-libstdcxx-debug --enable-libstdcxx-time=yes --with-default-libstdcxx-abi=new --enable-gnu-unique-object --disable-vtable-verify --enable-plugin --enable-default-pie --with-system-zlib --with-target-system-zlib=auto --enable-objc-gc=auto --enable-multiarch --disable-werror --with-arch-32=i686 --with-abi=m64 --with-multilib-list=m32,m64,mx32 --enable-multilib --with-tune=generic --enable-offload-targets=nvptx-none=/build/gcc-9-HskZEa/gcc-9-9.3.0/debian/tmp-nvptx/usr,hsa --without-cuda-driver --enable-checking=release --build=x86_64-linux-gnu --host=x86_64-linux-gnu --target=x86_64-linux-gnu
Thread model: posix
gcc version 9.3.0 (Ubuntu 9.3.0-17ubuntu1~20.04) 
configure:4363: $? = 0
configure:4352: gcc -V >&5
gcc: error: unrecognized command line option '-V'
gcc: fatal error: no input files
compilation terminated.
configure:4363: $? = 1
configure:4352: gcc -qversion >&5
gcc: error: unrecognized command line option '-qversion'; did you mean '--version'?
gcc: fatal error: no input files
compilation terminated.
configure:4363: $? = 1
configure:4367: checking whether we are using the GNU C compiler
configure:4395: result: yes
configure:4404: checking whether gcc accepts -g
configure:4465: result: yes
configure:4482: checking for gcc option to accept ISO C89
configure:4558: result: none needed
configure:4583: checking whether gcc understands -c and -o together
configure:4620: result: yes
configure:4666: checking build system type
configure:4680: result: x86_64-pc-linux-gnu
configure:4700: checking host system type
configure:4713: result: x86_64-pc-linux-gnu
configure:4754: checking how to print strings
configure:4781: result: printf
configure:4802: checking for a sed that does not truncate output
configure:4866: result: /usr/bin/sed
configure:4884: checking for grep that handles long lines and -e
configure:4942: result: /usr/bin/grep
configure:4947: checking for egrep
configure:5009: result: /usr/bin/grep -E
configure:5014: checking for fgrep
configure:5076: result: /usr/bin/grep -F
configure:5111: checking for ld used by gcc
configure:5178: result: /usr/bin/ld
configure:5185: checking if the linker (/usr/bin/ld) is GNU ld
configure:5200: result: yes
configure:5212: checking for BSD- or MS-compatible name lister (nm)
configure:5266: result: /usr/bin/nm -B
configure:5396: checking the name lister (/usr/bin/nm -B) interface
configure:5403: gcc -c -g -O2  conftest.c >&5
configure:5406: /usr/bin/nm -B "conftest.o"
configure:5409: output
0000000000000000 B some_variable
configure:5410: result: BSD nm
configure:5413: checking whether ln -s works
configure:5417: result: yes
configure:5425: checking the maximum length of command line arguments
configure:5556: result: 1572864
configure:5604: checking how to convert x86_64-pc-linux-gnu file names to x86_64-pc-linux-gnu format
configure:5644: result: func_convert_file_noop
configure:5651: checking how to convert x86_64-pc-linux-gnu file names to toolchain format
configure:5671: result: func_convert_file_noop
configure:5678: checking for /usr/bin/ld option to reload object files
configure:5685: result: -r
configure:5759: checking for objdump
configure:5775: found /usr/bin/objdump
configure:5786: result: objdump
configure:5818: checking how to recognize dependent libraries
configure:6018: result: pass_all
configure:6103: checking for dlltool
configure:6133: result: no
configure:6163: checking how to associate runtime and link libraries
configure:6190: result: printf %s\n
configure:6314: checking for archiver @FILE support
configure:6331: gcc -c -g -O2  conftest.c >&5
configure:6331: $? = 0
configure:6334: ar cr libconftest.a @conftest.lst >&5
configure:6337: $? = 0
configure:6342: ar cr libconftest.a @conftest.lst >&5
ar: conftest.o: No such file or directory
configure:6345: $? = 1
configure:6344: result: @
configure:6402: checking for strip
configure:6418: found /usr/bin/strip
configure:6429: result: strip
configure:6501: checking for ranlib
configure:6517: found /usr/bin/ranlib
configure:6528: result: ranlib
configure:6630: checking command to parse /usr/bin/nm -B output from gcc object
configure:6783: gcc -c -g -O2  conftest.c >&5
configure:6786: $? = 0
configure:6790: /usr/bin/nm -B conftest.o | sed -n -e 's/^.*[	 ]\([ABCDGIRSTW][ABCDGIRSTW]*\)[	 ][	 ]*\([_A-Za-z][_A-Za-z0-9]*\)$/\1 \2 \2/p' | sed '/ __gnu_lto/d' > conftest.nm
configure:6856: gcc -o conftest -g -O2   conftest.c conftstm.o >&5
configure:6859: $? = 0
configure:6897: result: ok
configure:6944: checking for sysroot
configure:6974: result: no
configure:6981: checking for a working dd
configure:7019: result: /usr/bin/dd
configure:7023: checking how to truncate binary pipes
configure:7038: result: /usr/bin/dd bs=4096 count=1
configure:7174: gcc -c -g -O2  conftest.c >&5
configure:7177: $? = 0
configure:7367: checking for mt
configure:7383: found /usr/bin/mt
configure:7394: result: mt
configure:7417: checking if mt is a manifest tool
configure:7423: mt '-?'
configure:7431: result: no
configure:8108: checking how to run the C preprocessor
configure:8139: gcc -E  conftest.c
configure:8139: $? = 0
configure:8153: gcc -E  conftest.c
conftest.c:11:10: fatal error: ac_nonexistent.h: No such file or directory
   11 | #include <ac_nonexistent.h>
      |          ^~~~~~~~~~~~~~~~~~
compilation terminated.
configure:8153: $? = 1
configure: failed program was:
| /* confdefs.h */
| #define PACKAGE_NAME "Money"
| #define PACKAGE_TARNAME "money"
| #define PACKAGE_VERSION "0.3"
| #define PACKAGE_STRING "Money 0.3"
| #define PACKAGE_BUGREPORT "check-devel AT lists.sourceforge.net"
| #define PACKAGE_URL ""
| #define PACKAGE "money"
| #define VERSION "0.3"
| /* end confdefs.h.  */
| #include <ac_nonexistent.h>
configure:8178: result: gcc -E
configure:8198: gcc -E  conftest.c
configure:8198: $? = 0
configure:8212: gcc -E  conftest.c
conftest.c:11:10: fatal error: ac_nonexistent.h: No such file or directory
   11 | #include <ac_nonexistent.h>
      |          ^~~~~~~~~~~~~~~~~~
compilation terminated.
configure:8212: $? = 1
configure: failed program was:
| /* confdefs.h */
| #define PACKAGE_NAME "Money"
| #define PACKAGE_TARNAME "money"
| #define PACKAGE_VERSION "0.3"
| #define PACKAGE_STRING "Money 0.3"
| #define PACKAGE_BUGREPORT "check-devel AT lists.sourceforge.net"
| #define PACKAGE_URL ""
| #define PACKAGE "money"
| #define VERSION "0.3"
| /* end confdefs.h.  */
| #include <ac_nonexistent.h>
configure:8241: checking for ANSI C header files
configure:8261: gcc -c -g -O2  conftest.c >&5
configure:8261: $? = 0
configure:8334: gcc -o conftest -g -O2   conftest.c  >&5
configure:8334: $? = 0
configure:8334: ./conftest
configure:8334: $? = 0
configure:8345: result: yes
configure:8358: checking for sys/types.h
configure:8358: gcc -c -g -O2  conftest.c >&5
configure:8358: $? = 0
configure:8358: result: yes
configure:8358: checking for sys/stat.h
configure:8358: gcc -c -g -O2  conftest.c >&5
configure:8358: $? = 0
configure:8358: result: yes
configure:8358: checking for stdlib.h
configure:8358: gcc -c -g -O2  conftest.c >&5
configure:8358: $? = 0
configure:8358: result: yes
configure:8358: checking for string.h
configure:8358: gcc -c -g -O2  conftest.c >&5
configure:8358: $? = 0
configure:8358: result: yes
configure:8358: checking for memory.h
configure:8358: gcc -c -g -O2  conftest.c >&5
configure:8358: $? = 0
configure:8358: result: yes
configure:8358: checking for strings.h
configure:8358: gcc -c -g -O2  conftest.c >&5
configure:8358: $? = 0
configure:8358: result: yes
configure:8358: checking for inttypes.h
configure:8358: gcc -c -g -O2  conftest.c >&5
configure:8358: $? = 0
configure:8358: result: yes
configure:8358: checking for stdint.h
configure:8358: gcc -c -g -O2  conftest.c >&5
configure:8358: $? = 0
configure:8358: result: yes
configure:8358: checking for unistd.h
configure:8358: gcc -c -g -O2  conftest.c >&5
configure:8358: $? = 0
configure:8358: result: yes
configure:8372: checking for dlfcn.h
configure:8372: gcc -c -g -O2  conftest.c >&5
configure:8372: $? = 0
configure:8372: result: yes
configure:8628: checking for objdir
configure:8643: result: .libs
configure:8903: checking if gcc supports -fno-rtti -fno-exceptions
configure:8921: gcc -c -g -O2  -fno-rtti -fno-exceptions conftest.c >&5
cc1: warning: command line option '-fno-rtti' is valid for C++/D/ObjC++ but not for C
configure:8925: $? = 0
configure:8938: result: no
configure:9302: checking for gcc option to produce PIC
configure:9309: result: -fPIC -DPIC
configure:9317: checking if gcc PIC flag -fPIC -DPIC works
configure:9335: gcc -c -g -O2  -fPIC -DPIC -DPIC conftest.c >&5
configure:9339: $? = 0
configure:9352: result: yes
configure:9381: checking if gcc static flag -static works
configure:9409: result: yes
configure:9424: checking if gcc supports -c -o file.o
configure:9445: gcc -c -g -O2  -o out/conftest2.o conftest.c >&5
configure:9449: $? = 0
configure:9471: result: yes
configure:9479: checking if gcc supports -c -o file.o
configure:9526: result: yes
configure:9559: checking whether the gcc linker (/usr/bin/ld -m elf_x86_64) supports shared libraries
configure:10822: result: yes
configure:10859: checking whether -lc should be explicitly linked in
configure:10867: gcc -c -g -O2  conftest.c >&5
configure:10870: $? = 0
configure:10885: gcc -shared  -fPIC -DPIC conftest.o  -v -Wl,-soname -Wl,conftest -o conftest 2\>\&1 \| /usr/bin/grep  -lc  \>/dev/null 2\>\&1
configure:10888: $? = 0
configure:10902: result: no
configure:11062: checking dynamic linker characteristics
configure:11643: gcc -o conftest -g -O2   -Wl,-rpath -Wl,/foo conftest.c  >&5
configure:11643: $? = 0
configure:11892: result: GNU/Linux ld.so
configure:12014: checking how to hardcode library paths into programs
configure:12039: result: immediate
configure:12587: checking whether stripping libraries is possible
configure:12592: result: yes
configure:12627: checking if libtool supports shared libraries
configure:12629: result: yes
configure:12632: checking whether to build shared libraries
configure:12657: result: yes
configure:12660: checking whether to build static libraries
configure:12664: result: yes
configure:9534: checking for pkg-config
configure:9552: found /usr/bin/pkg-config
configure:9564: result: /usr/bin/pkg-config
configure:9589: checking pkg-config is at least version 0.9.0
configure:9592: result: yes
configure:9602: checking for CHECK
configure:9609: $PKG_CONFIG --exists --print-errors "check >= 0.9.6"
configure:9612: $? = 0
configure:9626: $PKG_CONFIG --exists --print-errors "check >= 0.9.6"
configure:9629: $? = 0
configure:9687: result: yes
configure:9694: checking for ANSI C header files
configure:9798: result: yes
configure:9808: checking for stdlib.h
configure:9808: result: yes
configure:9824: checking for stdlib.h
configure:9824: result: yes
configure:9834: checking for GNU libc compatible malloc
configure:9858: gcc -o conftest -g -O2   conftest.c  >&5
configure:9858: $? = 0
configure:9858: ./conftest
configure:9858: $? = 0
configure:9868: result: yes
configure:9998: checking that generated files are newer than configure
configure:10004: result: done
configure:10027: creating ./config.status

## ---------------------- ##
## Running config.status. ##
## ---------------------- ##

This file was extended by Money config.status 0.3, which was
generated by GNU Autoconf 2.69.  Invocation command line was

  CONFIG_FILES    = 
  CONFIG_HEADERS  = 
  CONFIG_LINKS    = 
  CONFIG_COMMANDS = 
  $ ./config.status 

on epsilon

config.status:1091: creating Makefile
config.status:1091: creating src/Makefile
config.status:1091: creating tests/Makefile
config.status:1091: creating config.h
config.status:1272: config.h is unchanged
config.status:1320: executing depfiles commands
config.status:1397: cd src       && sed -e '/# am--include-marker/d' Makefile         | make -f - am--depfiles
make: Nothing to be done for 'am--depfiles'.
config.status:1402: $? = 0
config.status:1397: cd tests       && sed -e '/# am--include-marker/d' Makefile         | make -f - am--depfiles
make: Nothing to be done for 'am--depfiles'.
config.status:1402: $? = 0
config.status:1320: executing libtool commands

## ---------------- ##
## Cache variables. ##
## ---------------- ##

ac_cv_build=x86_64-pc-linux-gnu
ac_cv_c_compiler_gnu=yes
ac_cv_env_CC_set=
ac_cv_env_CC_value=
ac_cv_env_CFLAGS_set=
ac_cv_env_CFLAGS_value=
ac_cv_env_CHECK_CFLAGS_set=
ac_cv_env_CHECK_CFLAGS_value=
ac_cv_env_CHECK_LIBS_set=
ac_cv_env_CHECK_LIBS_value=
ac_cv_env_CPPFLAGS_set=
ac_cv_env_CPPFLAGS_value=
ac_cv_env_CPP_set=
ac_cv_env_CPP_value=
ac_cv_env_LDFLAGS_set=
ac_cv_env_LDFLAGS_value=
ac_cv_env_LIBS_set=
ac_cv_env_LIBS_value=
ac_cv_env_LT_SYS_LIBRARY_PATH_set=
ac_cv_env_LT_SYS_LIBRARY_PATH_value=
ac_cv_env_PKG_CONFIG_LIBDIR_set=
ac_cv_env_PKG_CONFIG_LIBDIR_value=
ac_cv_env_PKG_CONFIG_PATH_set=
ac_cv_env_PKG_CONFIG_PATH_value=
ac_cv_env_PKG_CONFIG_set=
ac_cv_env_PKG_CONFIG_value=
ac_cv_env_build_alias_set=
ac_cv_env_build_alias_value=
ac_cv_env_host_alias_set=
ac_cv_env_host_alias_value=
ac_cv_env_target_alias_set=
ac_cv_env_target_alias_value=
ac_cv_func_malloc_0_nonnull=yes
ac_cv_header_dlfcn_h=yes
ac_cv_header_inttypes_h=yes
ac_cv_header_memory_h=yes
ac_cv_header_stdc=yes
ac_cv_header_stdint_h=yes
ac_cv_header_stdlib_h=yes
ac_cv_header_string_h=yes
ac_cv_header_strings_h=yes
ac_cv_header_sys_stat_h=yes
ac_cv_header_sys_types_h=yes
ac_cv_header_unistd_h=yes
ac_cv_host=x86_64-pc-linux-gnu
ac_cv_objext=o
ac_cv_path_EGREP='/usr/bin/grep -E'
ac_cv_path_FGREP='/usr/bin/grep -F'
ac_cv_path_GREP=/usr/bin/grep
ac_cv_path_SED=/usr/bin/sed
ac_cv_path_ac_pt_PKG_CONFIG=/usr/bin/pkg-config
ac_cv_path_install='/usr/bin/install -c'
ac_cv_path_lt_DD=/usr/bin/dd
ac_cv_path_mkdir=/usr/bin/mkdir
ac_cv_prog_AWK=mawk
ac_cv_prog_CPP='gcc -E'
ac_cv_prog_ac_ct_AR=ar
ac_cv_prog_ac_ct_CC=gcc
ac_cv_prog_ac_ct_MANIFEST_TOOL=mt
ac_cv_prog_ac_ct_OBJDUMP=objdump
ac_cv_prog_ac_ct_RANLIB=ranlib
ac_cv_prog_ac_ct_STRIP=strip
ac_cv_prog_cc_c89=
ac_cv_prog_cc_g=yes
ac_cv_prog_make_make_set=yes
am_cv_CC_dependencies_compiler_type=gcc3
am_cv_ar_interface=ar
am_cv_make_support_nested_variables=yes
am_cv_prog_cc_c_o=yes
lt_cv_ar_at_file=@
lt_cv_archive_cmds_need_lc=no
lt_cv_deplibs_check_method=pass_all
lt_cv_file_magic_cmd='$MAGIC_CMD'
lt_cv_file_magic_test_file=
lt_cv_ld_reload_flag=-r
lt_cv_nm_interface='BSD nm'
lt_cv_objdir=.libs
lt_cv_path_LD=/usr/bin/ld
lt_cv_path_NM='/usr/bin/nm -B'
lt_cv_path_mainfest_tool=no
lt_cv_prog_compiler_c_o=yes
lt_cv_prog_compiler_pic='-fPIC -DPIC'
lt_cv_prog_compiler_pic_works=yes
lt_cv_prog_compiler_rtti_exceptions=no
lt_cv_prog_compiler_static_works=yes
lt_cv_prog_gnu_ld=yes
lt_cv_sharedlib_from_linklib_cmd='printf %s\n'
lt_cv_shlibpath_overrides_runpath=yes
lt_cv_sys_global_symbol_pipe='sed -n -e '\''s/^.*[	 ]\([ABCDGIRSTW][ABCDGIRSTW]*\)[	 ][	 ]*\([_A-Za-z][_A-Za-z0-9]*\)$/\1 \2 \2/p'\'' | sed '\''/ __gnu_lto/d'\'''
lt_cv_sys_global_symbol_to_c_name_address='sed -n -e '\''s/^: \(.*\) .*$/  {"\1", (void *) 0},/p'\'' -e '\''s/^[ABCDGIRSTW][ABCDGIRSTW]* .* \(.*\)$/  {"\1", (void *) \&\1},/p'\'''
lt_cv_sys_global_symbol_to_c_name_address_lib_prefix='sed -n -e '\''s/^: \(.*\) .*$/  {"\1", (void *) 0},/p'\'' -e '\''s/^[ABCDGIRSTW][ABCDGIRSTW]* .* \(lib.*\)$/  {"\1", (void *) \&\1},/p'\'' -e '\''s/^[ABCDGIRSTW][ABCDGIRSTW]* .* \(.*\)$/  {"lib\1", (void *) \&\1},/p'\'''
lt_cv_sys_global_symbol_to_cdecl='sed -n -e '\''s/^T .* \(.*\)$/extern int \1();/p'\'' -e '\''s/^[ABCDGIRSTW][ABCDGIRSTW]* .* \(.*\)$/extern char \1;/p'\'''
lt_cv_sys_global_symbol_to_import=
lt_cv_sys_max_cmd_len=1572864
lt_cv_to_host_file_cmd=func_convert_file_noop
lt_cv_to_tool_file_cmd=func_convert_file_noop
lt_cv_truncate_bin='/usr/bin/dd bs=4096 count=1'
pkg_cv_CHECK_CFLAGS=-pthread
pkg_cv_CHECK_LIBS='-lcheck_pic -pthread -lrt -lm -lsubunit'

## ----------------- ##
## Output variables. ##
## ----------------- ##

ACLOCAL='aclocal-1.16'
AMDEPBACKSLASH='\'
AMDEP_FALSE='#'
AMDEP_TRUE=''
AMTAR='$${TAR-tar}'
AM_BACKSLASH='\'
AM_DEFAULT_V='$(AM_DEFAULT_VERBOSITY)'
AM_DEFAULT_VERBOSITY='1'
AM_V='$(V)'
AR='ar'
AUTOCONF='autoconf'
AUTOHEADER='autoheader'
AUTOMAKE='automake-1.16'
AWK='mawk'
CC='gcc'
CCDEPMODE='depmode=gcc3'
CFLAGS='-g -O2'
CHECK_CFLAGS='-pthread'
CHECK_LIBS='-lcheck_pic -pthread -lrt -lm -lsubunit'
CPP='gcc -E'
CPPFLAGS=''
CYGPATH_W='echo'
DEFS='-DHAVE_CONFIG_H'
DEPDIR='.deps'
DLLTOOL='false'
DSYMUTIL=''
DUMPBIN=''
ECHO_C=''
ECHO_N='-n'
ECHO_T=''
EGREP='/usr/bin/grep -E'
EXEEXT=''
FGREP='/usr/bin/grep -F'
GREP='/usr/bin/grep'
INSTALL_DATA='${INSTALL} -m 644'
INSTALL_PROGRAM='${INSTALL}'
INSTALL_SCRIPT='${INSTALL}'
INSTALL_STRIP_PROGRAM='$(install_sh) -c -s'
LD='/usr/bin/ld -m elf_x86_64'
LDFLAGS=''
LIBOBJS=''
LIBS=''
LIBTOOL='$(SHELL) $(top_builddir)/libtool'
LIPO=''
LN_S='ln -s'
LTLIBOBJS=''
LT_SYS_LIBRARY_PATH=''
MAKEINFO='makeinfo'
MANIFEST_TOOL=':'
MKDIR_P='/usr/bin/mkdir -p'
NM='/usr/bin/nm -B'
NMEDIT=''
OBJDUMP='objdump'
OBJEXT='o'
OTOOL64=''
OTOOL=''
PACKAGE='money'
PACKAGE_BUGREPORT='check-devel AT lists.sourceforge.net'
PACKAGE_NAME='Money'
PACKAGE_STRING='Money 0.3'
PACKAGE_TARNAME='money'
PACKAGE_URL=''
PACKAGE_VERSION='0.3'
PATH_SEPARATOR=':'
PKG_CONFIG='/usr/bin/pkg-config'
PKG_CONFIG_LIBDIR=''
PKG_CONFIG_PATH=''
RANLIB='ranlib'
SED='/usr/bin/sed'
SET_MAKE=''
SHELL='/bin/bash'
STRIP='strip'
VERSION='0.3'
ac_ct_AR='ar'
ac_ct_CC='gcc'
ac_ct_DUMPBIN=''
am__EXEEXT_FALSE=''
am__EXEEXT_TRUE='#'
am__fastdepCC_FALSE='#'
am__fastdepCC_TRUE=''
am__include='include'
am__isrc=''
am__leading_dot='.'
am__nodep='_no'
am__quote=''
am__tar='$${TAR-tar} chof - "$$tardir"'
am__untar='$${TAR-tar} xf -'
bindir='${exec_prefix}/bin'
build='x86_64-pc-linux-gnu'
build_alias=''
build_cpu='x86_64'
build_os='linux-gnu'
build_vendor='pc'
datadir='${datarootdir}'
datarootdir='${prefix}/share'
docdir='${datarootdir}/doc/${PACKAGE_TARNAME}'
dvidir='${docdir}'
exec_prefix='${prefix}'
host='x86_64-pc-linux-gnu'
host_alias=''
host_cpu='x86_64'
host_os='linux-gnu'
host_vendor='pc'
htmldir='${docdir}'
includedir='${prefix}/include'
infodir='${datarootdir}/info'
install_sh='${SHELL} /home/agr/Downloads/unit_testing/install-sh'
libdir='${exec_prefix}/lib'
libexecdir='${exec_prefix}/libexec'
localedir='${datarootdir}/locale'
localstatedir='${prefix}/var'
mandir='${datarootdir}/man'
mkdir_p='$(MKDIR_P)'
oldincludedir='/usr/include'
pdfdir='${docdir}'
prefix='/usr/local'
program_transform_name='s,x,x,'
psdir='${docdir}'
runstatedir='${localstatedir}/run'
sbindir='${exec_prefix}/sbin'
sharedstatedir='${prefix}/com'
sysconfdir='${prefix}/etc'
target_alias=''

## ----------- ##
## confdefs.h. ##
## ----------- ##

/* confdefs.h */
#define PACKAGE_NAME "Money"
#define PACKAGE_TARNAME "money"
#define PACKAGE_VERSION "0.3"
#define PACKAGE_STRING "Money 0.3"
#define PACKAGE_BUGREPORT "check-devel AT lists.sourceforge.net"
#define PACKAGE_URL ""
#define PACKAGE "money"
#define VERSION "0.3"
#define STDC_HEADERS 1
#define HAVE_SYS_TYPES_H 1
#define HAVE_SYS_STAT_H 1
#define HAVE_STDLIB_H 1
#define HAVE_STRING_H 1
#define HAVE_MEMORY_H 1
#define HAVE_STRINGS_H 1
#define HAVE_INTTYPES_H 1
#define HAVE_STDINT_H 1
#define HAVE_UNISTD_H 1
#define HAVE_DLFCN_H 1
#define LT_OBJDIR ".libs/"
#define STDC_HEADERS 1
#define HAVE_STDLIB_H 1
#define HAVE_STDLIB_H 1
#define HAVE_MALLOC 1

configure: exit 0
